生成启动时间为 2016/2/29 22:38:26。
     1>项目“F:\资料大整理\工作区\机电区\红外激光键盘\laserkbd-master\laser_kbd_neo\laser_kbd.vcxproj”在节点 2 上(Build 个目标)。
     1>ClCompile:
         D:\Program Files (x86)\Visual Studio 2015\VC\bin\CL.exe /c /I..\sdkpack\ref\inc\libusb /I..\sdkpack\ref\inc\opencv_new /Iref\libkdtree++_0.7.0 /I"ref\curl-7.29.0\include" /I"ref\jsoncpp-src-0.5.0\include" /I"ref\jsoncpp-src-0.5.0\src" /Isrc /Isrc\cvui /ZI /nologo /W3 /WX- /Od /Oy- /D WIN32 /D _DEBUG /D _CONSOLE /D _MBCS /Gm /EHsc /RTC1 /MTd /GS /fp:precise /Zc:wchar_t /Zc:forScope /Zc:inline /Fo"Debug\\" /Fd"Debug\vc140.pdb" /Gd /TP /analyze- /errorReport:prompt "ref\jsoncpp-src-0.5.0\src\lib_json\json_reader.cpp" "ref\jsoncpp-src-0.5.0\src\lib_json\json_value.cpp" "ref\jsoncpp-src-0.5.0\src\lib_json\json_writer.cpp" src\blobfinder.cpp src\cameraundistortor.cpp src\config_mgr.cpp src\cvui\impl\cvui_button.cpp src\cvui\impl\cvui_container.cpp src\cvui\impl\cvui_imageframe.cpp src\cv_utils.cpp src\cvpipeline.cpp src\cvpositionest.cpp src\main.cpp src\keyboard_emu\keyboard_emu.cpp src\keyboard_emu\layout_provider.cpp src\model_selector.cpp src\port\win32\3rd\opencv\cap_dshow.cpp src\port\win32\keyinjector_win32.cpp src\port\win32\platform_language_win32.cpp src\port\win32\powervideocap_win32.cpp src\port\win32\productid_win32.cpp src\port\win32\updatechecker_win32.cpp src\resource_mgr.cpp src\sketchpad\sketch_pad.cpp src\utils.cpp
         utils.cpp
         sketch_pad.cpp
     1>f:\资料大整理\工作区\机电区\红外激光键盘\laserkbd-master\laser_kbd_neo\src\sketchpad\sketch_pad.cpp(36): warning C4244: “初始化”: 从“float”转换到“int”，可能丢失数据
     1>f:\资料大整理\工作区\机电区\红外激光键盘\laserkbd-master\laser_kbd_neo\src\sketchpad\sketch_pad.cpp(59): warning C4244: “=”: 从“time_t”转换到“unsigned long”，可能丢失数据
     1>f:\资料大整理\工作区\机电区\红外激光键盘\laserkbd-master\laser_kbd_neo\src\sketchpad\sketch_pad.cpp(76): warning C4018: “<”: 有符号/无符号不匹配
     1>f:\资料大整理\工作区\机电区\红外激光键盘\laserkbd-master\laser_kbd_neo\src\sketchpad\sketch_pad.cpp(80): warning C4244: “参数”: 从“float”转换到“int”，可能丢失数据
     1>f:\资料大整理\工作区\机电区\红外激光键盘\laserkbd-master\laser_kbd_neo\src\sketchpad\sketch_pad.cpp(81): warning C4244: “参数”: 从“double”转换到“int”，可能丢失数据
     1>f:\资料大整理\工作区\机电区\红外激光键盘\laserkbd-master\laser_kbd_neo\src\sketchpad\sketch_pad.cpp(88): warning C4244: “=”: 从“time_t”转换到“unsigned long”，可能丢失数据
         resource_mgr.cpp
         updatechecker_win32.cpp
     1>f:\资料大整理\工作区\机电区\红外激光键盘\laserkbd-master\laser_kbd_neo\src\port\win32\updatechecker_win32.cpp(160): warning C4102: “final”: 未引用的标签
         productid_win32.cpp
     1>f:\资料大整理\工作区\机电区\红外激光键盘\laserkbd-master\sdkpack\ref\inc\libusb\libusb.h(926): warning C4200: 使用了非标准扩展: 结构/联合中的零大小数组
         f:\资料大整理\工作区\机电区\红外激光键盘\laserkbd-master\sdkpack\ref\inc\libusb\libusb.h(926): note: 当 UDT 包含大小为零的数组时，无法生成复制构造函数或副本赋值运算符
     1>f:\资料大整理\工作区\机电区\红外激光键盘\laserkbd-master\laser_kbd_neo\src\port\win32\productid_win32.cpp(61): warning C4018: “<”: 有符号/无符号不匹配
     1>f:\资料大整理\工作区\机电区\红外激光键盘\laserkbd-master\laser_kbd_neo\src\port\win32\productid_win32.cpp(33): warning C4101: “si”: 未引用的局部变量
         powervideocap_win32.cpp
         platform_language_win32.cpp
         keyinjector_win32.cpp
     1>f:\资料大整理\工作区\机电区\红外激光键盘\laserkbd-master\laser_kbd_neo\src\port\win32\keyinjector_win32.cpp(39): warning C4018: “<”: 有符号/无符号不匹配
         cap_dshow.cpp
     1>f:\资料大整理\工作区\机电区\红外激光键盘\laserkbd-master\laser_kbd_neo\src\port\win32\3rd\opencv\cap_dshow.cpp(1845): warning C4996: 'sprintf': This function or variable may be unsafe. Consider using sprintf_s instead. To disable deprecation, use _CRT_SECURE_NO_WARNINGS. See online help for details.
         c:\program files (x86)\windows kits\10\include\10.0.10150.0\ucrt\stdio.h(1769): note: 参见“sprintf”的声明
     1>f:\资料大整理\工作区\机电区\红外激光键盘\laserkbd-master\laser_kbd_neo\src\port\win32\3rd\opencv\cap_dshow.cpp(1846): warning C4996: 'sprintf': This function or variable may be unsafe. Consider using sprintf_s instead. To disable deprecation, use _CRT_SECURE_NO_WARNINGS. See online help for details.
         c:\program files (x86)\windows kits\10\include\10.0.10150.0\ucrt\stdio.h(1769): note: 参见“sprintf”的声明
     1>f:\资料大整理\工作区\机电区\红外激光键盘\laserkbd-master\laser_kbd_neo\src\port\win32\3rd\opencv\cap_dshow.cpp(1847): warning C4996: 'sprintf': This function or variable may be unsafe. Consider using sprintf_s instead. To disable deprecation, use _CRT_SECURE_NO_WARNINGS. See online help for details.
         c:\program files (x86)\windows kits\10\include\10.0.10150.0\ucrt\stdio.h(1769): note: 参见“sprintf”的声明
     1>f:\资料大整理\工作区\机电区\红外激光键盘\laserkbd-master\laser_kbd_neo\src\port\win32\3rd\opencv\cap_dshow.cpp(1848): warning C4996: 'sprintf': This function or variable may be unsafe. Consider using sprintf_s instead. To disable deprecation, use _CRT_SECURE_NO_WARNINGS. See online help for details.
         c:\program files (x86)\windows kits\10\include\10.0.10150.0\ucrt\stdio.h(1769): note: 参见“sprintf”的声明
     1>f:\资料大整理\工作区\机电区\红外激光键盘\laserkbd-master\laser_kbd_neo\src\port\win32\3rd\opencv\cap_dshow.cpp(1849): warning C4996: 'sprintf': This function or variable may be unsafe. Consider using sprintf_s instead. To disable deprecation, use _CRT_SECURE_NO_WARNINGS. See online help for details.
         c:\program files (x86)\windows kits\10\include\10.0.10150.0\ucrt\stdio.h(1769): note: 参见“sprintf”的声明
     1>f:\资料大整理\工作区\机电区\红外激光键盘\laserkbd-master\laser_kbd_neo\src\port\win32\3rd\opencv\cap_dshow.cpp(1850): warning C4996: 'sprintf': This function or variable may be unsafe. Consider using sprintf_s instead. To disable deprecation, use _CRT_SECURE_NO_WARNINGS. See online help for details.
         c:\program files (x86)\windows kits\10\include\10.0.10150.0\ucrt\stdio.h(1769): note: 参见“sprintf”的声明
     1>f:\资料大整理\工作区\机电区\红外激光键盘\laserkbd-master\laser_kbd_neo\src\port\win32\3rd\opencv\cap_dshow.cpp(1851): warning C4996: 'sprintf': This function or variable may be unsafe. Consider using sprintf_s instead. To disable deprecation, use _CRT_SECURE_NO_WARNINGS. See online help for details.
         c:\program files (x86)\windows kits\10\include\10.0.10150.0\ucrt\stdio.h(1769): note: 参见“sprintf”的声明
     1>f:\资料大整理\工作区\机电区\红外激光键盘\laserkbd-master\laser_kbd_neo\src\port\win32\3rd\opencv\cap_dshow.cpp(1852): warning C4996: 'sprintf': This function or variable may be unsafe. Consider using sprintf_s instead. To disable deprecation, use _CRT_SECURE_NO_WARNINGS. See online help for details.
         c:\program files (x86)\windows kits\10\include\10.0.10150.0\ucrt\stdio.h(1769): note: 参见“sprintf”的声明
     1>f:\资料大整理\工作区\机电区\红外激光键盘\laserkbd-master\laser_kbd_neo\src\port\win32\3rd\opencv\cap_dshow.cpp(1853): warning C4996: 'sprintf': This function or variable may be unsafe. Consider using sprintf_s instead. To disable deprecation, use _CRT_SECURE_NO_WARNINGS. See online help for details.
         c:\program files (x86)\windows kits\10\include\10.0.10150.0\ucrt\stdio.h(1769): note: 参见“sprintf”的声明
     1>f:\资料大整理\工作区\机电区\红外激光键盘\laserkbd-master\laser_kbd_neo\src\port\win32\3rd\opencv\cap_dshow.cpp(1854): warning C4996: 'sprintf': This function or variable may be unsafe. Consider using sprintf_s instead. To disable deprecation, use _CRT_SECURE_NO_WARNINGS. See online help for details.
         c:\program files (x86)\windows kits\10\include\10.0.10150.0\ucrt\stdio.h(1769): note: 参见“sprintf”的声明
     1>f:\资料大整理\工作区\机电区\红外激光键盘\laserkbd-master\laser_kbd_neo\src\port\win32\3rd\opencv\cap_dshow.cpp(1855): warning C4996: 'sprintf': This function or variable may be unsafe. Consider using sprintf_s instead. To disable deprecation, use _CRT_SECURE_NO_WARNINGS. See online help for details.
         c:\program files (x86)\windows kits\10\include\10.0.10150.0\ucrt\stdio.h(1769): note: 参见“sprintf”的声明
     1>f:\资料大整理\工作区\机电区\红外激光键盘\laserkbd-master\laser_kbd_neo\src\port\win32\3rd\opencv\cap_dshow.cpp(1856): warning C4996: 'sprintf': This function or variable may be unsafe. Consider using sprintf_s instead. To disable deprecation, use _CRT_SECURE_NO_WARNINGS. See online help for details.
         c:\program files (x86)\windows kits\10\include\10.0.10150.0\ucrt\stdio.h(1769): note: 参见“sprintf”的声明
     1>f:\资料大整理\工作区\机电区\红外激光键盘\laserkbd-master\laser_kbd_neo\src\port\win32\3rd\opencv\cap_dshow.cpp(1857): warning C4996: 'sprintf': This function or variable may be unsafe. Consider using sprintf_s instead. To disable deprecation, use _CRT_SECURE_NO_WARNINGS. See online help for details.
         c:\program files (x86)\windows kits\10\include\10.0.10150.0\ucrt\stdio.h(1769): note: 参见“sprintf”的声明
     1>f:\资料大整理\工作区\机电区\红外激光键盘\laserkbd-master\laser_kbd_neo\src\port\win32\3rd\opencv\cap_dshow.cpp(1858): warning C4996: 'sprintf': This function or variable may be unsafe. Consider using sprintf_s instead. To disable deprecation, use _CRT_SECURE_NO_WARNINGS. See online help for details.
         c:\program files (x86)\windows kits\10\include\10.0.10150.0\ucrt\stdio.h(1769): note: 参见“sprintf”的声明
     1>f:\资料大整理\工作区\机电区\红外激光键盘\laserkbd-master\laser_kbd_neo\src\port\win32\3rd\opencv\cap_dshow.cpp(1859): warning C4996: 'sprintf': This function or variable may be unsafe. Consider using sprintf_s instead. To disable deprecation, use _CRT_SECURE_NO_WARNINGS. See online help for details.
         c:\program files (x86)\windows kits\10\include\10.0.10150.0\ucrt\stdio.h(1769): note: 参见“sprintf”的声明
     1>f:\资料大整理\工作区\机电区\红外激光键盘\laserkbd-master\laser_kbd_neo\src\port\win32\3rd\opencv\cap_dshow.cpp(1860): warning C4996: 'sprintf': This function or variable may be unsafe. Consider using sprintf_s instead. To disable deprecation, use _CRT_SECURE_NO_WARNINGS. See online help for details.
         c:\program files (x86)\windows kits\10\include\10.0.10150.0\ucrt\stdio.h(1769): note: 参见“sprintf”的声明
     1>f:\资料大整理\工作区\机电区\红外激光键盘\laserkbd-master\laser_kbd_neo\src\port\win32\3rd\opencv\cap_dshow.cpp(1861): warning C4996: 'sprintf': This function or variable may be unsafe. Consider using sprintf_s instead. To disable deprecation, use _CRT_SECURE_NO_WARNINGS. See online help for details.
         c:\program files (x86)\windows kits\10\include\10.0.10150.0\ucrt\stdio.h(1769): note: 参见“sprintf”的声明
     1>f:\资料大整理\工作区\机电区\红外激光键盘\laserkbd-master\laser_kbd_neo\src\port\win32\3rd\opencv\cap_dshow.cpp(1862): warning C4996: 'sprintf': This function or variable may be unsafe. Consider using sprintf_s instead. To disable deprecation, use _CRT_SECURE_NO_WARNINGS. See online help for details.
         c:\program files (x86)\windows kits\10\include\10.0.10150.0\ucrt\stdio.h(1769): note: 参见“sprintf”的声明
     1>f:\资料大整理\工作区\机电区\红外激光键盘\laserkbd-master\laser_kbd_neo\src\port\win32\3rd\opencv\cap_dshow.cpp(1863): warning C4996: 'sprintf': This function or variable may be unsafe. Consider using sprintf_s instead. To disable deprecation, use _CRT_SECURE_NO_WARNINGS. See online help for details.
         c:\program files (x86)\windows kits\10\include\10.0.10150.0\ucrt\stdio.h(1769): note: 参见“sprintf”的声明
         model_selector.cpp
         layout_provider.cpp
     1>f:\资料大整理\工作区\机电区\红外激光键盘\laserkbd-master\laser_kbd_neo\ref\libkdtree++_0.7.0\kdtree++\iterator.hpp(184): warning C4396: “KDTree::operator ==”: 友元声明引用函数模板的专用化时无法使用内联说明符
         f:\资料大整理\工作区\机电区\红外激光键盘\laserkbd-master\laser_kbd_neo\src\keyboard_emu\layout_provider.cpp(162): note: 参见对正在编译的类 模板 实例化“KDTree::_Iterator<_Val,const KDBlob &,const KDBlob *>”的引用
                 with
                 [
                     _Val=KDBlob
                 ]
     1>f:\资料大整理\工作区\机电区\红外激光键盘\laserkbd-master\laser_kbd_neo\ref\libkdtree++_0.7.0\kdtree++\iterator.hpp(188): warning C4396: “KDTree::operator ==”: 友元声明引用函数模板的专用化时无法使用内联说明符
     1>f:\资料大整理\工作区\机电区\红外激光键盘\laserkbd-master\laser_kbd_neo\ref\libkdtree++_0.7.0\kdtree++\iterator.hpp(192): warning C4396: “KDTree::operator ==”: 友元声明引用函数模板的专用化时无法使用内联说明符
     1>f:\资料大整理\工作区\机电区\红外激光键盘\laserkbd-master\laser_kbd_neo\ref\libkdtree++_0.7.0\kdtree++\iterator.hpp(196): warning C4396: “KDTree::operator !=”: 友元声明引用函数模板的专用化时无法使用内联说明符
     1>f:\资料大整理\工作区\机电区\红外激光键盘\laserkbd-master\laser_kbd_neo\ref\libkdtree++_0.7.0\kdtree++\iterator.hpp(200): warning C4396: “KDTree::operator !=”: 友元声明引用函数模板的专用化时无法使用内联说明符
     1>f:\资料大整理\工作区\机电区\红外激光键盘\laserkbd-master\laser_kbd_neo\ref\libkdtree++_0.7.0\kdtree++\iterator.hpp(204): warning C4396: “KDTree::operator !=”: 友元声明引用函数模板的专用化时无法使用内联说明符
     1>f:\资料大整理\工作区\机电区\红外激光键盘\laserkbd-master\laser_kbd_neo\src\keyboard_emu\layout_provider.cpp(193): warning C4244: “初始化”: 从“float”转换到“size_t”，可能丢失数据
     1>f:\资料大整理\工作区\机电区\红外激光键盘\laserkbd-master\laser_kbd_neo\src\keyboard_emu\layout_provider.cpp(197): warning C4244: “初始化”: 从“float”转换到“size_t”，可能丢失数据
     1>f:\资料大整理\工作区\机电区\红外激光键盘\laserkbd-master\laser_kbd_neo\src\keyboard_emu\layout_provider.cpp(201): warning C4244: “初始化”: 从“float”转换到“size_t”，可能丢失数据
     1>f:\资料大整理\工作区\机电区\红外激光键盘\laserkbd-master\laser_kbd_neo\src\keyboard_emu\layout_provider.cpp(205): warning C4244: “初始化”: 从“float”转换到“size_t”，可能丢失数据
     1>f:\资料大整理\工作区\机电区\红外激光键盘\laserkbd-master\laser_kbd_neo\src\keyboard_emu\layout_provider.cpp(207): warning C4244: “=”: 从“const size_t”转换到“float”，可能丢失数据
     1>f:\资料大整理\工作区\机电区\红外激光键盘\laserkbd-master\laser_kbd_neo\src\keyboard_emu\layout_provider.cpp(208): warning C4244: “=”: 从“const size_t”转换到“float”，可能丢失数据
     1>f:\资料大整理\工作区\机电区\红外激光键盘\laserkbd-master\laser_kbd_neo\src\keyboard_emu\layout_provider.cpp(218): warning C4018: “>=”: 有符号/无符号不匹配
     1>f:\资料大整理\工作区\机电区\红外激光键盘\laserkbd-master\laser_kbd_neo\src\keyboard_emu\layout_provider.cpp(310): warning C4244: “参数”: 从“float”转换到“int”，可能丢失数据
     1>f:\资料大整理\工作区\机电区\红外激光键盘\laserkbd-master\laser_kbd_neo\src\keyboard_emu\layout_provider.cpp(311): warning C4244: “参数”: 从“float”转换到“int”，可能丢失数据
     1>f:\资料大整理\工作区\机电区\红外激光键盘\laserkbd-master\laser_kbd_neo\src\keyboard_emu\layout_provider.cpp(312): warning C4244: “参数”: 从“float”转换到“int”，可能丢失数据
     1>f:\资料大整理\工作区\机电区\红外激光键盘\laserkbd-master\laser_kbd_neo\src\keyboard_emu\layout_provider.cpp(318): warning C4018: “<”: 有符号/无符号不匹配
     1>f:\资料大整理\工作区\机电区\红外激光键盘\laserkbd-master\laser_kbd_neo\src\keyboard_emu\layout_provider.cpp(333): warning C4244: “参数”: 从“float”转换到“int”，可能丢失数据
     1>f:\资料大整理\工作区\机电区\红外激光键盘\laserkbd-master\laser_kbd_neo\src\keyboard_emu\layout_provider.cpp(334): warning C4244: “参数”: 从“float”转换到“int”，可能丢失数据
     1>f:\资料大整理\工作区\机电区\红外激光键盘\laserkbd-master\laser_kbd_neo\src\keyboard_emu\layout_provider.cpp(335): warning C4244: “参数”: 从“float”转换到“int”，可能丢失数据
         keyboard_emu.cpp
     1>f:\资料大整理\工作区\机电区\红外激光键盘\laserkbd-master\laser_kbd_neo\src\keyboard_emu\keyboard_emu.cpp(45): warning C4018: “<”: 有符号/无符号不匹配
     1>f:\资料大整理\工作区\机电区\红外激光键盘\laserkbd-master\laser_kbd_neo\src\keyboard_emu\keyboard_emu.cpp(67): warning C4018: “<”: 有符号/无符号不匹配
     1>f:\资料大整理\工作区\机电区\红外激光键盘\laserkbd-master\laser_kbd_neo\src\keyboard_emu\keyboard_emu.cpp(73): warning C4018: “<”: 有符号/无符号不匹配
     1>f:\资料大整理\工作区\机电区\红外激光键盘\laserkbd-master\laser_kbd_neo\src\keyboard_emu\keyboard_emu.cpp(113): warning C4018: “<”: 有符号/无符号不匹配
     1>f:\资料大整理\工作区\机电区\红外激光键盘\laserkbd-master\laser_kbd_neo\src\keyboard_emu\keyboard_emu.cpp(119): warning C4018: “>”: 有符号/无符号不匹配
         main.cpp
     1>f:\资料大整理\工作区\机电区\红外激光键盘\laserkbd-master\laser_kbd_neo\src\main.cpp(80): warning C4476: 'printf' : unknown type field character ' ' in format specifier
     1>f:\资料大整理\工作区\机电区\红外激光键盘\laserkbd-master\laser_kbd_neo\src\main.cpp(80): warning C4474: printf: 格式字符串中传递的参数太多
         f:\资料大整理\工作区\机电区\红外激光键盘\laserkbd-master\laser_kbd_neo\src\main.cpp(80): note: placeholders and their parameters expect 0 variadic arguments, but 1 were provided
         cvpositionest.cpp
     1>f:\资料大整理\工作区\机电区\红外激光键盘\laserkbd-master\laser_kbd_neo\src\cvpositionest.cpp(35): warning C4018: “<”: 有符号/无符号不匹配
         cvpipeline.cpp
     1>f:\资料大整理\工作区\机电区\红外激光键盘\laserkbd-master\laser_kbd_neo\src\cvpipeline.cpp(303): warning C4244: “参数”: 从“const float”转换到“int”，可能丢失数据
     1>f:\资料大整理\工作区\机电区\红外激光键盘\laserkbd-master\laser_kbd_neo\src\cvpipeline.cpp(329): warning C4244: “参数”: 从“const float”转换到“int”，可能丢失数据
     1>f:\资料大整理\工作区\机电区\红外激光键盘\laserkbd-master\laser_kbd_neo\src\cvpipeline.cpp(330): warning C4244: “参数”: 从“const float”转换到“int”，可能丢失数据
     1>f:\资料大整理\工作区\机电区\红外激光键盘\laserkbd-master\laser_kbd_neo\src\cvpipeline.cpp(332): warning C4244: “参数”: 从“float”转换到“int”，可能丢失数据
     1>f:\资料大整理\工作区\机电区\红外激光键盘\laserkbd-master\laser_kbd_neo\src\cvpipeline.cpp(341): warning C4244: “参数”: 从“float”转换到“int”，可能丢失数据
     1>f:\资料大整理\工作区\机电区\红外激光键盘\laserkbd-master\laser_kbd_neo\src\cvpipeline.cpp(343): warning C4244: “参数”: 从“float”转换到“int”，可能丢失数据
     1>f:\资料大整理\工作区\机电区\红外激光键盘\laserkbd-master\laser_kbd_neo\src\cvpipeline.cpp(346): warning C4244: “参数”: 从“float”转换到“int”，可能丢失数据
     1>f:\资料大整理\工作区\机电区\红外激光键盘\laserkbd-master\laser_kbd_neo\src\cvpipeline.cpp(346): warning C4244: “参数”: 从“const float”转换到“int”，可能丢失数据
     1>f:\资料大整理\工作区\机电区\红外激光键盘\laserkbd-master\laser_kbd_neo\src\cvpipeline.cpp(349): warning C4244: “参数”: 从“const float”转换到“int”，可能丢失数据
     1>f:\资料大整理\工作区\机电区\红外激光键盘\laserkbd-master\laser_kbd_neo\src\cvpipeline.cpp(349): warning C4244: “参数”: 从“float”转换到“int”，可能丢失数据
     1>f:\资料大整理\工作区\机电区\红外激光键盘\laserkbd-master\laser_kbd_neo\src\cvpipeline.cpp(352): warning C4244: “参数”: 从“const float”转换到“int”，可能丢失数据
     1>f:\资料大整理\工作区\机电区\红外激光键盘\laserkbd-master\laser_kbd_neo\src\cvpipeline.cpp(381): warning C4018: “<”: 有符号/无符号不匹配
     1>f:\资料大整理\工作区\机电区\红外激光键盘\laserkbd-master\laser_kbd_neo\src\cvpipeline.cpp(394): warning C4018: “<”: 有符号/无符号不匹配
     1>f:\资料大整理\工作区\机电区\红外激光键盘\laserkbd-master\laser_kbd_neo\src\cvpipeline.cpp(413): warning C4018: “<”: 有符号/无符号不匹配
     1>f:\资料大整理\工作区\机电区\红外激光键盘\laserkbd-master\laser_kbd_neo\src\cvpipeline.cpp(427): warning C4244: “参数”: 从“float”转换到“int”，可能丢失数据
     1>f:\资料大整理\工作区\机电区\红外激光键盘\laserkbd-master\laser_kbd_neo\src\cvpipeline.cpp(440): warning C4018: “<”: 有符号/无符号不匹配
     1>f:\资料大整理\工作区\机电区\红外激光键盘\laserkbd-master\laser_kbd_neo\src\cvpipeline.cpp(447): warning C4244: “参数”: 从“float”转换到“int”，可能丢失数据
     1>f:\资料大整理\工作区\机电区\红外激光键盘\laserkbd-master\laser_kbd_neo\src\cvpipeline.cpp(449): warning C4244: “参数”: 从“float”转换到“int”，可能丢失数据
     1>f:\资料大整理\工作区\机电区\红外激光键盘\laserkbd-master\laser_kbd_neo\src\cvpipeline.cpp(485): warning C4018: “<”: 有符号/无符号不匹配
     1>f:\资料大整理\工作区\机电区\红外激光键盘\laserkbd-master\laser_kbd_neo\src\cvpipeline.cpp(526): warning C4018: “<”: 有符号/无符号不匹配
     1>f:\资料大整理\工作区\机电区\红外激光键盘\laserkbd-master\laser_kbd_neo\src\cvpipeline.cpp(544): warning C4018: “<”: 有符号/无符号不匹配
     1>f:\资料大整理\工作区\机电区\红外激光键盘\laserkbd-master\laser_kbd_neo\src\cvpipeline.cpp(569): warning C4244: “=”: 从“float”转换到“int”，可能丢失数据
     1>f:\资料大整理\工作区\机电区\红外激光键盘\laserkbd-master\laser_kbd_neo\src\cvpipeline.cpp(570): warning C4244: “=”: 从“float”转换到“int”，可能丢失数据
         cv_utils.cpp
         cvui_imageframe.cpp
         cvui_container.cpp
         cvui_button.cpp
         config_mgr.cpp
     1>f:\资料大整理\工作区\机电区\红外激光键盘\laserkbd-master\laser_kbd_neo\src\config_mgr.cpp(78): warning C4018: “<”: 有符号/无符号不匹配
     1>f:\资料大整理\工作区\机电区\红外激光键盘\laserkbd-master\laser_kbd_neo\src\config_mgr.cpp(102): warning C4018: “<”: 有符号/无符号不匹配
     1>f:\资料大整理\工作区\机电区\红外激光键盘\laserkbd-master\laser_kbd_neo\src\config_mgr.cpp(132): warning C4018: “<”: 有符号/无符号不匹配
         正在生成代码...
         正在编译...
         cameraundistortor.cpp
         blobfinder.cpp
     1>f:\资料大整理\工作区\机电区\红外激光键盘\laserkbd-master\laser_kbd_neo\src\blobfinder.cpp(54): warning C4244: “=”: 从“int”转换到“float”，可能丢失数据
     1>f:\资料大整理\工作区\机电区\红外激光键盘\laserkbd-master\laser_kbd_neo\src\blobfinder.cpp(55): warning C4244: “=”: 从“int”转换到“float”，可能丢失数据
     1>f:\资料大整理\工作区\机电区\红外激光键盘\laserkbd-master\laser_kbd_neo\src\blobfinder.cpp(59): warning C4244: “=”: 从“double”转换到“float”，可能丢失数据
     1>f:\资料大整理\工作区\机电区\红外激光键盘\laserkbd-master\laser_kbd_neo\src\blobfinder.cpp(60): warning C4244: “=”: 从“double”转换到“float”，可能丢失数据
         json_writer.cpp
         json_value.cpp
         json_reader.cpp
         正在生成代码...
         D:\Program Files (x86)\Visual Studio 2015\VC\bin\CL.exe /c /ZI /nologo /W3 /WX- /Od /Oy- /D WIN32 /D _DEBUG /D _CONSOLE /D _MBCS /Gm /EHsc /RTC1 /MTd /GS /fp:precise /Zc:wchar_t /Zc:forScope /Zc:inline /Fo"Debug\\" /Fd"Debug\vc140.pdb" /Gd /TP /analyze- /errorReport:prompt src\camera_selector.cpp
         camera_selector.cpp
     1>f:\资料大整理\工作区\机电区\红外激光键盘\laserkbd-master\laser_kbd_neo\src\cv_common.h(14): fatal error C1083: 无法打开包括文件: “opencv/cv.h”: No such file or directory
     1>已完成生成项目“F:\资料大整理\工作区\机电区\红外激光键盘\laserkbd-master\laser_kbd_neo\laser_kbd.vcxproj”(Build 个目标)的操作 - 失败。

生成失败。

已用时间 00:00:39.61
